0 info it worked if it ends with ok
1 verbose cli [ 'H:\\nodejs new\\node.exe',
1 verbose cli   'H:\\nodejs new\\node_modules\\npm\\bin\\npm-cli.js',
1 verbose cli   'install',
1 verbose cli   'client-session' ]
2 info using npm@3.10.10
3 info using node@v6.9.5
4 silly loadCurrentTree Starting
5 silly install loadCurrentTree
6 silly install readLocalPackageData
7 silly fetchPackageMetaData client-session
8 silly fetchNamedPackageData client-session
9 silly mapToRegistry name client-session
10 silly mapToRegistry using default registry
11 silly mapToRegistry registry https://registry.npmjs.org/
12 silly mapToRegistry data Result {
12 silly mapToRegistry   raw: 'client-session',
12 silly mapToRegistry   scope: null,
12 silly mapToRegistry   escapedName: 'client-session',
12 silly mapToRegistry   name: 'client-session',
12 silly mapToRegistry   rawSpec: '',
12 silly mapToRegistry   spec: 'latest',
12 silly mapToRegistry   type: 'tag' }
13 silly mapToRegistry uri https://registry.npmjs.org/client-session
14 verbose request uri https://registry.npmjs.org/client-session
15 verbose request no auth needed
16 info attempt registry request try #1 at 1:05:57 AM
17 verbose request using bearer token for auth
18 verbose request id 364b1566b9821454
19 verbose etag W/"582543bb-45ea"
20 verbose lastModified Fri, 11 Nov 2016 04:06:19 GMT
21 http request GET https://registry.npmjs.org/client-session
22 http 304 https://registry.npmjs.org/client-session
23 verbose headers { server: 'nginx/1.10.1',
23 verbose headers   'last-modified': 'Fri, 11 Nov 2016 04:06:19 GMT',
23 verbose headers   etag: '"582543bb-45ea"',
23 verbose headers   'cache-control': 'max-age=300',
23 verbose headers   'accept-ranges': 'bytes',
23 verbose headers   date: 'Sun, 21 May 2017 19:36:12 GMT',
23 verbose headers   via: '1.1 varnish',
23 verbose headers   connection: 'keep-alive',
23 verbose headers   'x-served-by': 'cache-hhn1523-HHN',
23 verbose headers   'x-cache': 'MISS',
23 verbose headers   'x-cache-hits': '0',
23 verbose headers   'x-timer': 'S1495395372.496289,VS0,VE1',
23 verbose headers   vary: 'Accept-Encoding' }
24 silly get cb [ 304,
24 silly get   { server: 'nginx/1.10.1',
24 silly get     'last-modified': 'Fri, 11 Nov 2016 04:06:19 GMT',
24 silly get     etag: '"582543bb-45ea"',
24 silly get     'cache-control': 'max-age=300',
24 silly get     'accept-ranges': 'bytes',
24 silly get     date: 'Sun, 21 May 2017 19:36:12 GMT',
24 silly get     via: '1.1 varnish',
24 silly get     connection: 'keep-alive',
24 silly get     'x-served-by': 'cache-hhn1523-HHN',
24 silly get     'x-cache': 'MISS',
24 silly get     'x-cache-hits': '0',
24 silly get     'x-timer': 'S1495395372.496289,VS0,VE1',
24 silly get     vary: 'Accept-Encoding' } ]
25 verbose etag https://registry.npmjs.org/client-session from cache
26 verbose get saving client-session to C:\Users\home\AppData\Roaming\npm-cache\registry.npmjs.org\client-session\.cache.json
27 verbose correctMkdir C:\Users\home\AppData\Roaming\npm-cache correctMkdir not in flight; initializing
28 silly install normalizeTree
29 silly loadCurrentTree Finishing
30 silly loadIdealTree Starting
31 silly install loadIdealTree
32 silly cloneCurrentTree Starting
33 silly install cloneCurrentTreeToIdealTree
34 silly cloneCurrentTree Finishing
35 silly loadShrinkwrap Starting
36 silly install loadShrinkwrap
37 silly loadShrinkwrap Finishing
38 silly loadAllDepsIntoIdealTree Starting
39 silly install loadAllDepsIntoIdealTree
40 silly resolveWithNewModule client-session@0.1.7 checking installable status
41 silly cache add args [ 'client-session', null ]
42 verbose cache add spec client-session
43 silly cache add parsed spec Result {
43 silly cache add   raw: 'client-session',
43 silly cache add   scope: null,
43 silly cache add   escapedName: 'client-session',
43 silly cache add   name: 'client-session',
43 silly cache add   rawSpec: '',
43 silly cache add   spec: 'latest',
43 silly cache add   type: 'tag' }
44 silly addNamed client-session@latest
45 verbose addNamed "latest" is being treated as a dist-tag for client-session
46 info addNameTag [ 'client-session', 'latest' ]
47 silly mapToRegistry name client-session
48 silly mapToRegistry using default registry
49 silly mapToRegistry registry https://registry.npmjs.org/
50 silly mapToRegistry data Result {
50 silly mapToRegistry   raw: 'client-session',
50 silly mapToRegistry   scope: null,
50 silly mapToRegistry   escapedName: 'client-session',
50 silly mapToRegistry   name: 'client-session',
50 silly mapToRegistry   rawSpec: '',
50 silly mapToRegistry   spec: 'latest',
50 silly mapToRegistry   type: 'tag' }
51 silly mapToRegistry uri https://registry.npmjs.org/client-session
52 verbose addNameTag registry:https://registry.npmjs.org/client-session not in flight; fetching
53 verbose get https://registry.npmjs.org/client-session not expired, no request
54 silly addNameTag next cb for client-session with tag latest
55 silly addNamed client-session@0.1.7
56 verbose addNamed "0.1.7" is a plain semver version for client-session
57 silly cache afterAdd client-session@0.1.7
58 verbose afterAdd C:\Users\home\AppData\Roaming\npm-cache\client-session\0.1.7\package\package.json not in flight; writing
59 verbose correctMkdir C:\Users\home\AppData\Roaming\npm-cache correctMkdir not in flight; initializing
60 verbose afterAdd C:\Users\home\AppData\Roaming\npm-cache\client-session\0.1.7\package\package.json written
61 silly fetchNamedPackageData cookie
62 silly mapToRegistry name cookie
63 silly mapToRegistry using default registry
64 silly mapToRegistry registry https://registry.npmjs.org/
65 silly mapToRegistry data Result {
65 silly mapToRegistry   raw: 'cookie',
65 silly mapToRegistry   scope: null,
65 silly mapToRegistry   escapedName: 'cookie',
65 silly mapToRegistry   name: 'cookie',
65 silly mapToRegistry   rawSpec: '',
65 silly mapToRegistry   spec: 'latest',
65 silly mapToRegistry   type: 'tag' }
66 silly mapToRegistry uri https://registry.npmjs.org/cookie
67 verbose request uri https://registry.npmjs.org/cookie
68 verbose request no auth needed
69 info attempt registry request try #1 at 1:05:58 AM
70 verbose request using bearer token for auth
71 verbose etag W/"58ffe359-80d5"
72 verbose lastModified Wed, 26 Apr 2017 00:01:29 GMT
73 http request GET https://registry.npmjs.org/cookie
74 http 304 https://registry.npmjs.org/cookie
75 verbose headers { server: 'nginx/1.10.1',
75 verbose headers   'last-modified': 'Wed, 26 Apr 2017 00:01:29 GMT',
75 verbose headers   etag: '"58ffe359-80d5"',
75 verbose headers   'cache-control': 'max-age=300',
75 verbose headers   'accept-ranges': 'bytes',
75 verbose headers   date: 'Sun, 21 May 2017 19:36:12 GMT',
75 verbose headers   via: '1.1 varnish',
75 verbose headers   connection: 'keep-alive',
75 verbose headers   'x-served-by': 'cache-hhn1523-HHN',
75 verbose headers   'x-cache': 'MISS',
75 verbose headers   'x-cache-hits': '0',
75 verbose headers   'x-timer': 'S1495395373.923217,VS0,VE1',
75 verbose headers   vary: 'Accept-Encoding' }
76 silly get cb [ 304,
76 silly get   { server: 'nginx/1.10.1',
76 silly get     'last-modified': 'Wed, 26 Apr 2017 00:01:29 GMT',
76 silly get     etag: '"58ffe359-80d5"',
76 silly get     'cache-control': 'max-age=300',
76 silly get     'accept-ranges': 'bytes',
76 silly get     date: 'Sun, 21 May 2017 19:36:12 GMT',
76 silly get     via: '1.1 varnish',
76 silly get     connection: 'keep-alive',
76 silly get     'x-served-by': 'cache-hhn1523-HHN',
76 silly get     'x-cache': 'MISS',
76 silly get     'x-cache-hits': '0',
76 silly get     'x-timer': 'S1495395373.923217,VS0,VE1',
76 silly get     vary: 'Accept-Encoding' } ]
77 verbose etag https://registry.npmjs.org/cookie from cache
78 verbose get saving cookie to C:\Users\home\AppData\Roaming\npm-cache\registry.npmjs.org\cookie\.cache.json
79 verbose correctMkdir C:\Users\home\AppData\Roaming\npm-cache correctMkdir not in flight; initializing
80 silly resolveWithNewModule cookie@0.1.2 checking installable status
81 silly cache add args [ 'cookie@0.1.2', null ]
82 verbose cache add spec cookie@0.1.2
83 silly cache add parsed spec Result {
83 silly cache add   raw: 'cookie@0.1.2',
83 silly cache add   scope: null,
83 silly cache add   escapedName: 'cookie',
83 silly cache add   name: 'cookie',
83 silly cache add   rawSpec: '0.1.2',
83 silly cache add   spec: '0.1.2',
83 silly cache add   type: 'version' }
84 silly addNamed cookie@0.1.2
85 verbose addNamed "0.1.2" is a plain semver version for cookie
86 silly mapToRegistry name cookie
87 silly mapToRegistry using default registry
88 silly mapToRegistry registry https://registry.npmjs.org/
89 silly mapToRegistry data Result {
89 silly mapToRegistry   raw: 'cookie',
89 silly mapToRegistry   scope: null,
89 silly mapToRegistry   escapedName: 'cookie',
89 silly mapToRegistry   name: 'cookie',
89 silly mapToRegistry   rawSpec: '',
89 silly mapToRegistry   spec: 'latest',
89 silly mapToRegistry   type: 'tag' }
90 silly mapToRegistry uri https://registry.npmjs.org/cookie
91 verbose addNameVersion registry:https://registry.npmjs.org/cookie not in flight; fetching
92 verbose get https://registry.npmjs.org/cookie not expired, no request
93 silly cache afterAdd cookie@0.1.2
94 verbose afterAdd C:\Users\home\AppData\Roaming\npm-cache\cookie\0.1.2\package\package.json not in flight; writing
95 verbose correctMkdir C:\Users\home\AppData\Roaming\npm-cache correctMkdir not in flight; initializing
96 verbose afterAdd C:\Users\home\AppData\Roaming\npm-cache\cookie\0.1.2\package\package.json written
97 silly loadAllDepsIntoIdealTree Finishing
98 silly loadIdealTree Finishing
99 silly currentTree learn@0.0.0
99 silly currentTree +-- @types/bluebird@3.0.37
99 silly currentTree +-- @types/express-serve-static-core@4.0.44
99 silly currentTree +-- @types/express@4.0.35
99 silly currentTree +-- @types/mime@0.0.29
99 silly currentTree +-- @types/node@7.0.18
99 silly currentTree +-- @types/serve-static@1.7.31
99 silly currentTree +-- accepts@1.3.3
99 silly currentTree +-- acorn-globals@1.0.9
99 silly currentTree +-- acorn@2.7.0
99 silly currentTree +-- align-text@0.1.4
99 silly currentTree +-- amdefine@1.0.1
99 silly currentTree +-- append-field@0.1.0
99 silly currentTree +-- array-flatten@1.1.1
99 silly currentTree +-- asap@1.0.0
99 silly currentTree +-- async@2.1.4
99 silly currentTree +-- base64url@2.0.0
99 silly currentTree +-- basic-auth@1.1.0
99 silly currentTree +-- bignumber.js@3.1.2
99 silly currentTree +-- bluebird@3.5.0
99 silly currentTree +-- body-parser@1.17.1
99 silly currentTree | `-- debug@2.6.1
99 silly currentTree +-- bson@1.0.4
99 silly currentTree +-- buffer-equal-constant-time@1.0.1
99 silly currentTree +-- buffer-shims@1.0.0
99 silly currentTree +-- busboy@0.2.14
99 silly currentTree | +-- isarray@0.0.1
99 silly currentTree | +-- readable-stream@1.1.14
99 silly currentTree | `-- string_decoder@0.10.31
99 silly currentTree +-- bytes@2.4.0
99 silly currentTree +-- camelcase@1.2.1
99 silly currentTree +-- center-align@0.1.3
99 silly currentTree +-- character-parser@1.2.1
99 silly currentTree +-- clean-css@3.4.26
99 silly currentTree | `-- commander@2.8.1
99 silly currentTree +-- client-sessions@0.8.0
99 silly currentTree +-- cliui@2.1.0
99 silly currentTree | `-- wordwrap@0.0.2
99 silly currentTree +-- commander@2.6.0
99 silly currentTree +-- concat-stream@1.6.0
99 silly currentTree +-- connect-flash@0.1.1
99 silly currentTree +-- constantinople@3.0.2
99 silly currentTree +-- content-disposition@0.5.2
99 silly currentTree +-- content-type@1.0.2
99 silly currentTree +-- cookie-parser@1.4.3
99 silly currentTree +-- cookie-signature@1.0.6
99 silly currentTree +-- cookie@0.3.1
99 silly currentTree +-- cookies@0.7.0
99 silly currentTree +-- core-util-is@1.0.2
99 silly currentTree +-- crc@3.4.4
99 silly currentTree +-- css-parse@1.0.4
99 silly currentTree +-- css-stringify@1.0.5
99 silly currentTree +-- css@1.0.8
99 silly currentTree +-- debug@2.6.6
99 silly currentTree | `-- ms@0.7.3
99 silly currentTree +-- decamelize@1.2.0
99 silly currentTree +-- depd@1.1.0
99 silly currentTree +-- destroy@1.0.4
99 silly currentTree +-- dicer@0.2.5
99 silly currentTree | +-- isarray@0.0.1
99 silly currentTree | +-- readable-stream@1.1.14
99 silly currentTree | `-- string_decoder@0.10.31
99 silly currentTree +-- ecdsa-sig-formatter@1.0.9
99 silly currentTree +-- ee-first@1.1.1
99 silly currentTree +-- encodeurl@1.0.1
99 silly currentTree +-- es6-promise@3.2.1
99 silly currentTree +-- escape-html@1.0.3
99 silly currentTree +-- etag@1.8.0
99 silly currentTree +-- express-messages@1.0.1
99 silly currentTree +-- express-session@1.15.2
99 silly currentTree | `-- debug@2.6.3
99 silly currentTree +-- express-validator@3.2.0
99 silly currentTree +-- express@4.15.2
99 silly currentTree | `-- debug@2.6.1
99 silly currentTree +-- finalhandler@1.0.2
99 silly currentTree | +-- debug@2.6.4
99 silly currentTree | `-- ms@0.7.3
99 silly currentTree +-- forwarded@0.1.0
99 silly currentTree +-- fresh@0.5.0
99 silly currentTree +-- graceful-readlink@1.0.1
99 silly currentTree +-- hoek@2.16.3
99 silly currentTree +-- hooks-fixed@2.0.0
99 silly currentTree +-- http-errors@1.6.1
99 silly currentTree +-- iconv-lite@0.4.15
99 silly currentTree +-- inherits@2.0.3
99 silly currentTree +-- ipaddr.js@1.3.0
99 silly currentTree +-- is-buffer@1.1.5
99 silly currentTree +-- is-promise@2.1.0
99 silly currentTree +-- isarray@1.0.0
99 silly currentTree +-- isemail@1.2.0
99 silly currentTree +-- jade@1.11.0
99 silly currentTree +-- joi@6.10.1
99 silly currentTree +-- jsonwebtoken@7.4.0
99 silly currentTree +-- jstransformer@0.0.2
99 silly currentTree +-- jwa@1.1.5
99 silly currentTree +-- jws@3.1.4
99 silly currentTree +-- kareem@1.4.1
99 silly currentTree +-- keygrip@1.0.1
99 silly currentTree +-- kind-of@3.2.0
99 silly currentTree +-- lazy-cache@1.0.4
99 silly currentTree +-- lodash.once@4.1.1
99 silly currentTree +-- lodash@4.17.4
99 silly currentTree +-- longest@1.0.1
99 silly currentTree +-- media-typer@0.3.0
99 silly currentTree +-- merge-descriptors@1.0.1
99 silly currentTree +-- methods@1.1.2
99 silly currentTree +-- mime-db@1.27.0
99 silly currentTree +-- mime-types@2.1.15
99 silly currentTree +-- mime@1.3.4
99 silly currentTree +-- minimist@0.0.8
99 silly currentTree +-- mkdirp@0.5.1
99 silly currentTree +-- moment@2.18.1
99 silly currentTree +-- mongo@0.1.0
99 silly currentTree +-- mongodb-core@2.1.10
99 silly currentTree +-- mongodb@2.2.26
99 silly currentTree +-- mongoose@4.9.8
99 silly currentTree +-- morgan@1.8.1
99 silly currentTree | `-- debug@2.6.1
99 silly currentTree +-- mpath@0.2.1
99 silly currentTree +-- mpromise@0.5.5
99 silly currentTree +-- mquery@2.3.0
99 silly currentTree | +-- bluebird@2.10.2
99 silly currentTree | +-- debug@2.2.0
99 silly currentTree | +-- ms@0.7.1
99 silly currentTree | `-- sliced@0.0.5
99 silly currentTree +-- ms@0.7.2
99 silly currentTree +-- multer@1.3.0
99 silly currentTree +-- muri@1.2.1
99 silly currentTree +-- mysql@2.13.0
99 silly currentTree | +-- isarray@0.0.1
99 silly currentTree | +-- readable-stream@1.1.14
99 silly currentTree | `-- string_decoder@0.10.31
99 silly currentTree +-- negotiator@0.6.1
99 silly currentTree +-- object-assign@3.0.0
99 silly currentTree +-- on-finished@2.3.0
99 silly currentTree +-- on-headers@1.0.1
99 silly currentTree +-- optimist@0.3.7
99 silly currentTree +-- parseurl@1.3.1
99 silly currentTree +-- passport-http@0.3.0
99 silly currentTree +-- passport-local@1.0.0
99 silly currentTree +-- passport-strategy@1.0.0
99 silly currentTree +-- passport@0.3.2
99 silly currentTree +-- path-to-regexp@0.1.7
99 silly currentTree +-- pause@0.0.1
99 silly currentTree +-- process-nextick-args@1.0.7
99 silly currentTree +-- promise@6.1.0
99 silly currentTree +-- proxy-addr@1.1.4
99 silly currentTree +-- qs@6.4.0
99 silly currentTree +-- querystring@0.2.0
99 silly currentTree +-- random-bytes@1.0.0
99 silly currentTree +-- range-parser@1.2.0
99 silly currentTree +-- raw-body@2.2.0
99 silly currentTree +-- readable-stream@2.2.7
99 silly currentTree +-- regexp-clone@0.0.1
99 silly currentTree +-- repeat-string@1.6.1
99 silly currentTree +-- require_optional@1.0.0
99 silly currentTree +-- resolve-from@2.0.0
99 silly currentTree +-- right-align@0.1.3
99 silly currentTree +-- safe-buffer@5.0.1
99 silly currentTree +-- semver@5.3.0
99 silly currentTree +-- send@0.15.1
99 silly currentTree | `-- debug@2.6.1
99 silly currentTree +-- serve-favicon@2.4.2
99 silly currentTree | `-- ms@1.0.0
99 silly currentTree +-- serve-static@1.12.1
99 silly currentTree +-- setprototypeof@1.0.3
99 silly currentTree +-- sliced@1.0.1
99 silly currentTree +-- source-map@0.4.4
99 silly currentTree +-- sqlstring@2.2.0
99 silly currentTree +-- statuses@1.3.1
99 silly currentTree +-- streamsearch@0.1.2
99 silly currentTree +-- string_decoder@1.0.0
99 silly currentTree +-- topo@1.1.0
99 silly currentTree +-- transformers@2.1.0
99 silly currentTree | +-- is-promise@1.0.1
99 silly currentTree | +-- promise@2.0.0
99 silly currentTree | +-- source-map@0.1.43
99 silly currentTree | `-- uglify-js@2.2.5
99 silly currentTree +-- type-is@1.6.15
99 silly currentTree +-- typedarray@0.0.6
99 silly currentTree +-- uglify-js@2.8.23
99 silly currentTree | `-- source-map@0.5.6
99 silly currentTree +-- uglify-to-browserify@1.0.2
99 silly currentTree +-- uid-safe@2.1.4
99 silly currentTree +-- unpipe@1.0.0
99 silly currentTree +-- util-deprecate@1.0.2
99 silly currentTree +-- utils-merge@1.0.0
99 silly currentTree +-- validator@6.2.1
99 silly currentTree +-- vary@1.1.1
99 silly currentTree +-- void-elements@2.0.1
99 silly currentTree +-- window-size@0.1.0
99 silly currentTree +-- with@4.0.3
99 silly currentTree | `-- acorn@1.2.2
99 silly currentTree +-- wordwrap@0.0.3
99 silly currentTree +-- xtend@4.0.1
99 silly currentTree `-- yargs@3.10.0
100 silly idealTree learn@0.0.0
100 silly idealTree +-- @types/bluebird@3.0.37
100 silly idealTree +-- @types/express-serve-static-core@4.0.44
100 silly idealTree +-- @types/express@4.0.35
100 silly idealTree +-- @types/mime@0.0.29
100 silly idealTree +-- @types/node@7.0.18
100 silly idealTree +-- @types/serve-static@1.7.31
100 silly idealTree +-- accepts@1.3.3
100 silly idealTree +-- acorn-globals@1.0.9
100 silly idealTree +-- acorn@2.7.0
100 silly idealTree +-- align-text@0.1.4
100 silly idealTree +-- amdefine@1.0.1
100 silly idealTree +-- append-field@0.1.0
100 silly idealTree +-- array-flatten@1.1.1
100 silly idealTree +-- asap@1.0.0
100 silly idealTree +-- async@2.1.4
100 silly idealTree +-- base64url@2.0.0
100 silly idealTree +-- basic-auth@1.1.0
100 silly idealTree +-- bignumber.js@3.1.2
100 silly idealTree +-- bluebird@3.5.0
100 silly idealTree +-- body-parser@1.17.1
100 silly idealTree | `-- debug@2.6.1
100 silly idealTree +-- bson@1.0.4
100 silly idealTree +-- buffer-equal-constant-time@1.0.1
100 silly idealTree +-- buffer-shims@1.0.0
100 silly idealTree +-- busboy@0.2.14
100 silly idealTree | +-- isarray@0.0.1
100 silly idealTree | +-- readable-stream@1.1.14
100 silly idealTree | `-- string_decoder@0.10.31
100 silly idealTree +-- bytes@2.4.0
100 silly idealTree +-- camelcase@1.2.1
100 silly idealTree +-- center-align@0.1.3
100 silly idealTree +-- character-parser@1.2.1
100 silly idealTree +-- clean-css@3.4.26
100 silly idealTree | `-- commander@2.8.1
100 silly idealTree +-- client-session@0.1.7
100 silly idealTree | `-- cookie@0.1.2
100 silly idealTree +-- client-sessions@0.8.0
100 silly idealTree +-- cliui@2.1.0
100 silly idealTree | `-- wordwrap@0.0.2
100 silly idealTree +-- commander@2.6.0
100 silly idealTree +-- concat-stream@1.6.0
100 silly idealTree +-- connect-flash@0.1.1
100 silly idealTree +-- constantinople@3.0.2
100 silly idealTree +-- content-disposition@0.5.2
100 silly idealTree +-- content-type@1.0.2
100 silly idealTree +-- cookie-parser@1.4.3
100 silly idealTree +-- cookie-signature@1.0.6
100 silly idealTree +-- cookie@0.3.1
100 silly idealTree +-- cookies@0.7.0
100 silly idealTree +-- core-util-is@1.0.2
100 silly idealTree +-- crc@3.4.4
100 silly idealTree +-- css-parse@1.0.4
100 silly idealTree +-- css-stringify@1.0.5
100 silly idealTree +-- css@1.0.8
100 silly idealTree +-- debug@2.6.6
100 silly idealTree | `-- ms@0.7.3
100 silly idealTree +-- decamelize@1.2.0
100 silly idealTree +-- depd@1.1.0
100 silly idealTree +-- destroy@1.0.4
100 silly idealTree +-- dicer@0.2.5
100 silly idealTree | +-- isarray@0.0.1
100 silly idealTree | +-- readable-stream@1.1.14
100 silly idealTree | `-- string_decoder@0.10.31
100 silly idealTree +-- ecdsa-sig-formatter@1.0.9
100 silly idealTree +-- ee-first@1.1.1
100 silly idealTree +-- encodeurl@1.0.1
100 silly idealTree +-- es6-promise@3.2.1
100 silly idealTree +-- escape-html@1.0.3
100 silly idealTree +-- etag@1.8.0
100 silly idealTree +-- express-messages@1.0.1
100 silly idealTree +-- express-session@1.15.2
100 silly idealTree | `-- debug@2.6.3
100 silly idealTree +-- express-validator@3.2.0
100 silly idealTree +-- express@4.15.2
100 silly idealTree | `-- debug@2.6.1
100 silly idealTree +-- finalhandler@1.0.2
100 silly idealTree | +-- debug@2.6.4
100 silly idealTree | `-- ms@0.7.3
100 silly idealTree +-- forwarded@0.1.0
100 silly idealTree +-- fresh@0.5.0
100 silly idealTree +-- graceful-readlink@1.0.1
100 silly idealTree +-- hoek@2.16.3
100 silly idealTree +-- hooks-fixed@2.0.0
100 silly idealTree +-- http-errors@1.6.1
100 silly idealTree +-- iconv-lite@0.4.15
100 silly idealTree +-- inherits@2.0.3
100 silly idealTree +-- ipaddr.js@1.3.0
100 silly idealTree +-- is-buffer@1.1.5
100 silly idealTree +-- is-promise@2.1.0
100 silly idealTree +-- isarray@1.0.0
100 silly idealTree +-- isemail@1.2.0
100 silly idealTree +-- jade@1.11.0
100 silly idealTree +-- joi@6.10.1
100 silly idealTree +-- jsonwebtoken@7.4.0
100 silly idealTree +-- jstransformer@0.0.2
100 silly idealTree +-- jwa@1.1.5
100 silly idealTree +-- jws@3.1.4
100 silly idealTree +-- kareem@1.4.1
100 silly idealTree +-- keygrip@1.0.1
100 silly idealTree +-- kind-of@3.2.0
100 silly idealTree +-- lazy-cache@1.0.4
100 silly idealTree +-- lodash.once@4.1.1
100 silly idealTree +-- lodash@4.17.4
100 silly idealTree +-- longest@1.0.1
100 silly idealTree +-- media-typer@0.3.0
100 silly idealTree +-- merge-descriptors@1.0.1
100 silly idealTree +-- methods@1.1.2
100 silly idealTree +-- mime-db@1.27.0
100 silly idealTree +-- mime-types@2.1.15
100 silly idealTree +-- mime@1.3.4
100 silly idealTree +-- minimist@0.0.8
100 silly idealTree +-- mkdirp@0.5.1
100 silly idealTree +-- moment@2.18.1
100 silly idealTree +-- mongo@0.1.0
100 silly idealTree +-- mongodb-core@2.1.10
100 silly idealTree +-- mongodb@2.2.26
100 silly idealTree +-- mongoose@4.9.8
100 silly idealTree +-- morgan@1.8.1
100 silly idealTree | `-- debug@2.6.1
100 silly idealTree +-- mpath@0.2.1
100 silly idealTree +-- mpromise@0.5.5
100 silly idealTree +-- mquery@2.3.0
100 silly idealTree | +-- bluebird@2.10.2
100 silly idealTree | +-- debug@2.2.0
100 silly idealTree | +-- ms@0.7.1
100 silly idealTree | `-- sliced@0.0.5
100 silly idealTree +-- ms@0.7.2
100 silly idealTree +-- multer@1.3.0
100 silly idealTree +-- muri@1.2.1
100 silly idealTree +-- mysql@2.13.0
100 silly idealTree | +-- isarray@0.0.1
100 silly idealTree | +-- readable-stream@1.1.14
100 silly idealTree | `-- string_decoder@0.10.31
100 silly idealTree +-- negotiator@0.6.1
100 silly idealTree +-- object-assign@3.0.0
100 silly idealTree +-- on-finished@2.3.0
100 silly idealTree +-- on-headers@1.0.1
100 silly idealTree +-- optimist@0.3.7
100 silly idealTree +-- parseurl@1.3.1
100 silly idealTree +-- passport-http@0.3.0
100 silly idealTree +-- passport-local@1.0.0
100 silly idealTree +-- passport-strategy@1.0.0
100 silly idealTree +-- passport@0.3.2
100 silly idealTree +-- path-to-regexp@0.1.7
100 silly idealTree +-- pause@0.0.1
100 silly idealTree +-- process-nextick-args@1.0.7
100 silly idealTree +-- promise@6.1.0
100 silly idealTree +-- proxy-addr@1.1.4
100 silly idealTree +-- qs@6.4.0
100 silly idealTree +-- querystring@0.2.0
100 silly idealTree +-- random-bytes@1.0.0
100 silly idealTree +-- range-parser@1.2.0
100 silly idealTree +-- raw-body@2.2.0
100 silly idealTree +-- readable-stream@2.2.7
100 silly idealTree +-- regexp-clone@0.0.1
100 silly idealTree +-- repeat-string@1.6.1
100 silly idealTree +-- require_optional@1.0.0
100 silly idealTree +-- resolve-from@2.0.0
100 silly idealTree +-- right-align@0.1.3
100 silly idealTree +-- safe-buffer@5.0.1
100 silly idealTree +-- semver@5.3.0
100 silly idealTree +-- send@0.15.1
100 silly idealTree | `-- debug@2.6.1
100 silly idealTree +-- serve-favicon@2.4.2
100 silly idealTree | `-- ms@1.0.0
100 silly idealTree +-- serve-static@1.12.1
100 silly idealTree +-- setprototypeof@1.0.3
100 silly idealTree +-- sliced@1.0.1
100 silly idealTree +-- source-map@0.4.4
100 silly idealTree +-- sqlstring@2.2.0
100 silly idealTree +-- statuses@1.3.1
100 silly idealTree +-- streamsearch@0.1.2
100 silly idealTree +-- string_decoder@1.0.0
100 silly idealTree +-- topo@1.1.0
100 silly idealTree +-- transformers@2.1.0
100 silly idealTree | +-- is-promise@1.0.1
100 silly idealTree | +-- promise@2.0.0
100 silly idealTree | +-- source-map@0.1.43
100 silly idealTree | `-- uglify-js@2.2.5
100 silly idealTree +-- type-is@1.6.15
100 silly idealTree +-- typedarray@0.0.6
100 silly idealTree +-- uglify-js@2.8.23
100 silly idealTree | `-- source-map@0.5.6
100 silly idealTree +-- uglify-to-browserify@1.0.2
100 silly idealTree +-- uid-safe@2.1.4
100 silly idealTree +-- unpipe@1.0.0
100 silly idealTree +-- util-deprecate@1.0.2
100 silly idealTree +-- utils-merge@1.0.0
100 silly idealTree +-- validator@6.2.1
100 silly idealTree +-- vary@1.1.1
100 silly idealTree +-- void-elements@2.0.1
100 silly idealTree +-- window-size@0.1.0
100 silly idealTree +-- with@4.0.3
100 silly idealTree | `-- acorn@1.2.2
100 silly idealTree +-- wordwrap@0.0.3
100 silly idealTree +-- xtend@4.0.1
100 silly idealTree `-- yargs@3.10.0
101 silly generateActionsToTake Starting
102 silly install generateActionsToTake
103 silly generateActionsToTake Finishing
104 silly diffTrees action count 2
105 silly diffTrees add cookie@0.1.2
106 silly diffTrees add client-session@0.1.7
107 silly decomposeActions action count 16
108 silly decomposeActions fetch cookie@0.1.2
109 silly decomposeActions extract cookie@0.1.2
110 silly decomposeActions test cookie@0.1.2
111 silly decomposeActions preinstall cookie@0.1.2
112 silly decomposeActions build cookie@0.1.2
113 silly decomposeActions install cookie@0.1.2
114 silly decomposeActions postinstall cookie@0.1.2
115 silly decomposeActions finalize cookie@0.1.2
116 silly decomposeActions fetch client-session@0.1.7
117 silly decomposeActions extract client-session@0.1.7
118 silly decomposeActions test client-session@0.1.7
119 silly decomposeActions preinstall client-session@0.1.7
120 silly decomposeActions build client-session@0.1.7
121 silly decomposeActions install client-session@0.1.7
122 silly decomposeActions postinstall client-session@0.1.7
123 silly decomposeActions finalize client-session@0.1.7
124 silly runTopLevelLifecycles Starting
125 silly executeActions Starting
126 silly install executeActions
127 silly doSerial global-install 0
128 silly doParallel fetch 2
129 verbose correctMkdir C:\Users\home\AppData\Roaming\npm-cache\_locks correctMkdir not in flight; initializing
130 verbose lock using C:\Users\home\AppData\Roaming\npm-cache\_locks\staging-ba16bd56af2f2856.lock for H:\nodejs new\learn express\learn\Wingify\node_modules\.staging
131 silly doParallel extract 2
132 silly extract cookie@0.1.2
133 silly extract client-session@0.1.7
134 verbose unbuild node_modules\.staging\cookie-2be70822
135 verbose unbuild node_modules\.staging\client-session-9c5e269b
136 silly gentlyRm H:\nodejs new\learn express\learn\Wingify\node_modules\.staging\cookie-2be70822 is being purged from base H:\nodejs new\learn express\learn\Wingify
137 verbose gentlyRm don't care about contents; nuking H:\nodejs new\learn express\learn\Wingify\node_modules\.staging\cookie-2be70822
138 silly gentlyRm H:\nodejs new\learn express\learn\Wingify\node_modules\.staging\client-session-9c5e269b is being purged from base H:\nodejs new\learn express\learn\Wingify
139 verbose gentlyRm don't care about contents; nuking H:\nodejs new\learn express\learn\Wingify\node_modules\.staging\client-session-9c5e269b
140 verbose tar unpack C:\Users\home\AppData\Roaming\npm-cache\cookie\0.1.2\package.tgz
141 verbose tar unpacking to H:\nodejs new\learn express\learn\Wingify\node_modules\.staging\cookie-2be70822
142 silly gentlyRm H:\nodejs new\learn express\learn\Wingify\node_modules\.staging\cookie-2be70822 is being purged
143 verbose gentlyRm don't care about contents; nuking H:\nodejs new\learn express\learn\Wingify\node_modules\.staging\cookie-2be70822
144 verbose tar unpack C:\Users\home\AppData\Roaming\npm-cache\client-session\0.1.7\package.tgz
145 verbose tar unpacking to H:\nodejs new\learn express\learn\Wingify\node_modules\.staging\client-session-9c5e269b
146 silly gentlyRm H:\nodejs new\learn express\learn\Wingify\node_modules\.staging\client-session-9c5e269b is being purged
147 verbose gentlyRm don't care about contents; nuking H:\nodejs new\learn express\learn\Wingify\node_modules\.staging\client-session-9c5e269b
148 silly gunzTarPerm modes [ '777', '666' ]
149 silly gunzTarPerm modes [ '777', '666' ]
150 silly gunzTarPerm extractEntry package.json
151 silly gunzTarPerm modified mode [ 'package.json', 420, 438 ]
152 silly gunzTarPerm extractEntry package.json
153 silly gunzTarPerm extractEntry .npmignore
154 silly gunzTarPerm modified mode [ '.npmignore', 420, 438 ]
155 silly gunzTarPerm extractEntry README.md
156 silly gunzTarPerm modified mode [ 'README.md', 420, 438 ]
157 silly gunzTarPerm extractEntry .npmignore
158 silly gunzTarPerm extractEntry README.md
159 silly gunzTarPerm extractEntry LICENSE
160 silly gunzTarPerm modified mode [ 'LICENSE', 420, 438 ]
161 silly gunzTarPerm extractEntry index.js
162 silly gunzTarPerm modified mode [ 'index.js', 420, 438 ]
163 silly gunzTarPerm extractEntry index.js
164 silly gunzTarPerm extractEntry binding.gyp
165 silly gunzTarPerm extractEntry example/multi_process_node.js
166 silly gunzTarPerm extractEntry example/one_process_express.js
167 silly gunzTarPerm extractEntry example/one_process_node.js
168 silly gunzTarPerm extractEntry example/redirect_node.js
169 silly gunzTarPerm extractEntry example/simple.js
170 silly gunzTarPerm extractEntry example/simple_express.js
171 silly gunzTarPerm extractEntry example/1.txt
172 silly gentlyRm H:\nodejs new\learn express\learn\Wingify\node_modules\.staging\cookie-2be70822\node_modules is being purged
173 verbose gentlyRm don't care about contents; nuking H:\nodejs new\learn express\learn\Wingify\node_modules\.staging\cookie-2be70822\node_modules
174 silly gunzTarPerm extractEntry .travis.yml
175 silly gunzTarPerm extractEntry lib/client_session.js
176 silly gunzTarPerm extractEntry benchmark/benchmark_clinet_session_express.js
177 silly gunzTarPerm extractEntry benchmark/benchmark_redis_session_express.js
178 silly gunzTarPerm extractEntry src/base64.cpp
179 silly gunzTarPerm extractEntry src/base64.h
180 silly gunzTarPerm extractEntry src/client_session_class.cpp
181 silly gunzTarPerm extractEntry src/client_session_class.h
182 silly gunzTarPerm extractEntry src/clientsession.cpp
183 silly gunzTarPerm extractEntry src/main.cpp
184 silly gunzTarPerm extractEntry src/md5.cpp
185 silly gunzTarPerm extractEntry src/md5.h
186 silly gunzTarPerm extractEntry src/modp_base64/modp_b64.cc
187 silly gunzTarPerm extractEntry src/modp_base64/modp_b64.h
188 silly gunzTarPerm extractEntry src/modp_base64/modp_b64_data.h
189 silly gunzTarPerm extractEntry test/main.js
190 silly gunzTarPerm extractEntry vendor.yml
191 silly gentlyRm H:\nodejs new\learn express\learn\Wingify\node_modules\.staging\client-session-9c5e269b\node_modules is being purged
192 verbose gentlyRm don't care about contents; nuking H:\nodejs new\learn express\learn\Wingify\node_modules\.staging\client-session-9c5e269b\node_modules
193 silly doParallel preinstall 2
194 silly preinstall cookie@0.1.2 H:\nodejs new\learn express\learn\Wingify\node_modules\.staging\cookie-2be70822
195 info lifecycle cookie@0.1.2~preinstall: cookie@0.1.2
196 silly preinstall client-session@0.1.7 H:\nodejs new\learn express\learn\Wingify\node_modules\.staging\client-session-9c5e269b
197 info lifecycle client-session@0.1.7~preinstall: client-session@0.1.7
198 silly lifecycle cookie@0.1.2~preinstall: no script for preinstall, continuing
199 silly lifecycle client-session@0.1.7~preinstall: no script for preinstall, continuing
200 silly doReverseSerial remove 0
201 silly doSerial move 0
202 silly doSerial finalize 2
203 silly finalize H:\nodejs new\learn express\learn\Wingify\node_modules\client-session\node_modules\cookie
204 silly finalize H:\nodejs new\learn express\learn\Wingify\node_modules\client-session
205 silly doSerial build 2
206 silly build cookie@0.1.2
207 info linkStuff cookie@0.1.2
208 silly linkStuff cookie@0.1.2 has H:\nodejs new\learn express\learn\Wingify\node_modules\client-session\node_modules as its parent node_modules
209 verbose linkBins cookie@0.1.2
210 verbose linkMans cookie@0.1.2
211 silly build client-session@0.1.7
212 info linkStuff client-session@0.1.7
213 silly linkStuff client-session@0.1.7 has H:\nodejs new\learn express\learn\Wingify\node_modules as its parent node_modules
214 verbose linkBins client-session@0.1.7
215 verbose linkMans client-session@0.1.7
216 silly doSerial global-link 0
217 silly doParallel update-linked 0
218 silly doSerial install 2
219 silly install cookie@0.1.2 H:\nodejs new\learn express\learn\Wingify\node_modules\.staging\cookie-2be70822
220 info lifecycle cookie@0.1.2~install: cookie@0.1.2
221 silly lifecycle cookie@0.1.2~install: no script for install, continuing
222 silly install client-session@0.1.7 H:\nodejs new\learn express\learn\Wingify\node_modules\.staging\client-session-9c5e269b
223 info lifecycle client-session@0.1.7~install: client-session@0.1.7
224 verbose lifecycle client-session@0.1.7~install: unsafe-perm in lifecycle true
225 verbose lifecycle client-session@0.1.7~install: PATH: H:\nodejs new\node_modules\npm\bin\node-gyp-bin;H:\nodejs new\learn express\learn\Wingify\node_modules\client-session\node_modules\.bin;H:\nodejs new\learn express\learn\Wingify\node_modules\.bin;C:\ProgramData\Oracle\Java\javapath;H:\app\home\product\11.2.0\dbhome_1\bin;C:\Program Files (x86)\Intel\iCLS Client\;C:\Program Files\Intel\iCLS Client\;C:\Windows\system32;C:\Windows;C:\Windows\System32\Wbem;C:\Windows\System32\WindowsPowerShell\v1.0\;C:\Program Files (x86)\Windows Live\Shared;C:\Program Files (x86)\Intel\OpenCL SDK\3.0\bin\x86;C:\Program Files (x86)\Intel\OpenCL SDK\3.0\bin\x64;C:\Program Files\Intel\Intel(R) Management Engine Components\DAL;C:\Program Files\Intel\Intel(R) Management Engine Components\IPT;C:\Program Files (x86)\Intel\Intel(R) Management Engine Components\DAL;C:\Program Files (x86)\Intel\Intel(R) Management Engine Components\IPT;H:\nodejs new\;C:\Python27;C:\Program Files (x86)\Yarn\bin;C:\wamp64\bin\php\php5.6.25;C:\ProgramData\ComposerSetup\bin;C:\Program Files (x86)\Skype\Phone\;C:\Program Files\Git\cmd;C:\Users\home\AppData\Roaming\npm;C:\Users\home\AppData\Local\Yarn\.bin;C:\Users\home\AppData\Roaming\Composer\vendor\bin;H:\Microsoft VS Code\bin;C:\Program Files\Heroku\bin
226 verbose lifecycle client-session@0.1.7~install: CWD: H:\nodejs new\learn express\learn\Wingify\node_modules\client-session
227 silly lifecycle client-session@0.1.7~install: Args: [ '/d /s /c', 'node-gyp rebuild' ]
228 silly lifecycle client-session@0.1.7~install: Returned: code: 1  signal: null
229 info lifecycle client-session@0.1.7~install: Failed to exec install script
230 verbose unlock done using C:\Users\home\AppData\Roaming\npm-cache\_locks\staging-ba16bd56af2f2856.lock for H:\nodejs new\learn express\learn\Wingify\node_modules\.staging
231 silly rollbackFailedOptional Starting
232 silly rollbackFailedOptional Finishing
233 silly runTopLevelLifecycles Finishing
234 silly install printInstalled
235 verbose stack Error: client-session@0.1.7 install: `node-gyp rebuild`
235 verbose stack Exit status 1
235 verbose stack     at EventEmitter.<anonymous> (H:\nodejs new\node_modules\npm\lib\utils\lifecycle.js:255:16)
235 verbose stack     at emitTwo (events.js:106:13)
235 verbose stack     at EventEmitter.emit (events.js:191:7)
235 verbose stack     at ChildProcess.<anonymous> (H:\nodejs new\node_modules\npm\lib\utils\spawn.js:40:14)
235 verbose stack     at emitTwo (events.js:106:13)
235 verbose stack     at ChildProcess.emit (events.js:191:7)
235 verbose stack     at maybeClose (internal/child_process.js:877:16)
235 verbose stack     at Process.ChildProcess._handle.onexit (internal/child_process.js:226:5)
236 verbose pkgid client-session@0.1.7
237 verbose cwd H:\nodejs new\learn express\learn\Wingify
238 error Windows_NT 6.2.9200
239 error argv "H:\\nodejs new\\node.exe" "H:\\nodejs new\\node_modules\\npm\\bin\\npm-cli.js" "install" "client-session"
240 error node v6.9.5
241 error npm  v3.10.10
242 error code ELIFECYCLE
243 error client-session@0.1.7 install: `node-gyp rebuild`
243 error Exit status 1
244 error Failed at the client-session@0.1.7 install script 'node-gyp rebuild'.
244 error Make sure you have the latest version of node.js and npm installed.
244 error If you do, this is most likely a problem with the client-session package,
244 error not with npm itself.
244 error Tell the author that this fails on your system:
244 error     node-gyp rebuild
244 error You can get information on how to open an issue for this project with:
244 error     npm bugs client-session
244 error Or if that isn't available, you can get their info via:
244 error     npm owner ls client-session
244 error There is likely additional logging output above.
245 verbose exit [ 1, true ]
